<?xml version="1.0" encoding="UTF-8"?>
<coverage generated="1656056522225" clover="3.2.0">
  <project timestamp="1656056522225" name="All files">
    <metrics statements="24" coveredstatements="23" conditionals="6" coveredconditionals="4" methods="17" coveredmethods="11" elements="47" coveredelements="38" complexity="0" loc="24" ncloc="24" packages="2" files="8" classes="8"/>
    <package name="fundamentals-ex">
      <metrics statements="24" coveredstatements="23" conditionals="6" coveredconditionals="4" methods="12" coveredmethods="11"/>
      <file name="comparisonExercises.js" path="/Users/julietlinarez/factoriaf5/Exercises-Javascript-Basics/src/fundamentals-ex/comparisonExercises.js">
        <metrics statements="6" coveredstatements="5" conditionals="6" coveredconditionals="4" methods="4" coveredmethods="3"/>
        <line num="4" count="1" type="cond" truecount="1" falsecount="1"/>
        <line num="5" count="0" type="stmt"/>
        <line num="12" count="2" type="cond" truecount="2" falsecount="0"/>
        <line num="13" count="1" type="stmt"/>
        <line num="20" count="1" type="cond" truecount="1" falsecount="1"/>
        <line num="21" count="1" type="stmt"/>
      </file>
      <file name="stringExercises.js" path="/Users/julietlinarez/factoriaf5/Exercises-Javascript-Basics/src/fundamentals-ex/stringExercises.js">
        <metrics statements="18" coveredstatements="18" conditionals="0" coveredconditionals="0" methods="8" coveredmethods="8"/>
        <line num="3" count="1" type="stmt"/>
        <line num="8" count="1" type="stmt"/>
        <line num="16" count="1" type="stmt"/>
        <line num="23" count="1" type="stmt"/>
        <line num="24" count="1" type="stmt"/>
        <line num="29" count="1" type="stmt"/>
        <line num="30" count="1" type="stmt"/>
        <line num="31" count="1" type="stmt"/>
        <line num="32" count="1" type="stmt"/>
        <line num="37" count="1" type="stmt"/>
        <line num="38" count="1" type="stmt"/>
        <line num="39" count="1" type="stmt"/>
        <line num="45" count="1" type="stmt"/>
        <line num="46" count="1" type="stmt"/>
        <line num="47" count="1" type="stmt"/>
        <line num="53" count="1" type="stmt"/>
        <line num="54" count="1" type="stmt"/>
        <line num="55" count="1" type="stmt"/>
      </file>
    </package>
    <package name="micro-ex">
      <metrics statements="0" coveredstatements="0" conditionals="0" coveredconditionals="0" methods="5" coveredmethods="0"/>
      <file name="arrayPlusArray.js" path="/Users/julietlinarez/factoriaf5/Exercises-Javascript-Basics/src/micro-ex/arrayPlusArray.js">
        <metrics statements="0" coveredstatements="0" conditionals="0" coveredconditionals="0" methods="1" coveredmethods="0"/>
      </file>
      <file name="countingSheep.js" path="/Users/julietlinarez/factoriaf5/Exercises-Javascript-Basics/src/micro-ex/countingSheep.js">
        <metrics statements="0" coveredstatements="0" conditionals="0" coveredconditionals="0" methods="1" coveredmethods="0"/>
      </file>
      <file name="oppositesAttract.js" path="/Users/julietlinarez/factoriaf5/Exercises-Javascript-Basics/src/micro-ex/oppositesAttract.js">
        <metrics statements="0" coveredstatements="0" conditionals="0" coveredconditionals="0" methods="1" coveredmethods="0"/>
      </file>
      <file name="thirdAngleTriangle.js" path="/Users/julietlinarez/factoriaf5/Exercises-Javascript-Basics/src/micro-ex/thirdAngleTriangle.js">
        <metrics statements="0" coveredstatements="0" conditionals="0" coveredconditionals="0" methods="1" coveredmethods="0"/>
      </file>
      <file name="twiceAsOld.js" path="/Users/julietlinarez/factoriaf5/Exercises-Javascript-Basics/src/micro-ex/twiceAsOld.js">
        <metrics statements="0" coveredstatements="0" conditionals="0" coveredconditionals="0" methods="1" coveredmethods="0"/>
      </file>
      <file name="vocalsInPhrase.js" path="/Users/julietlinarez/factoriaf5/Exercises-Javascript-Basics/src/micro-ex/vocalsInPhrase.js">
        <metrics statements="0" coveredstatements="0" conditionals="0" coveredconditionals="0" methods="0" coveredmethods="0"/>
      </file>
    </package>
  </project>
</coverage>
