{"/Users/julietlinarez/factoriaf5/Exercises-Javascript-Basics/src/fundamentals-ex/comparisonExercises.js": {"path":"/Users/julietlinarez/factoriaf5/Exercises-Javascript-Basics/src/fundamentals-ex/comparisonExercises.js","statementMap":{"0":{"start":{"line":4,"column":3},"end":{"line":4,"column":34}},"1":{"start":{"line":4,"column":23},"end":{"line":4,"column":34}},"2":{"start":{"line":5,"column":4},"end":{"line":5,"column":24}},"3":{"start":{"line":12,"column":4},"end":{"line":12,"column":53}},"4":{"start":{"line":12,"column":29},"end":{"line":12,"column":53}},"5":{"start":{"line":13,"column":4},"end":{"line":13,"column":27}},"6":{"start":{"line":20,"column":3},"end":{"line":22,"column":5}},"7":{"start":{"line":21,"column":7},"end":{"line":21,"column":22}}},"fnMap":{"0":{"name":"isJane","decl":{"start":{"line":1,"column":16},"end":{"line":1,"column":22}},"loc":{"start":{"line":2,"column":0},"end":{"line":7,"column":1}},"line":2},"1":{"name":"compareNumbers","decl":{"start":{"line":9,"column":16},"end":{"line":9,"column":30}},"loc":{"start":{"line":10,"column":0},"end":{"line":15,"column":1}},"line":10},"2":{"name":"isGreaterThan10","decl":{"start":{"line":18,"column":16},"end":{"line":18,"column":31}},"loc":{"start":{"line":19,"column":0},"end":{"line":23,"column":1}},"line":19},"3":{"name":"isGreaterThan10AndEqualTo20","decl":{"start":{"line":26,"column":16},"end":{"line":26,"column":43}},"loc":{"start":{"line":27,"column":0},"end":{"line":29,"column":1}},"line":27}},"branchMap":{"0":{"loc":{"start":{"line":4,"column":3},"end":{"line":4,"column":34}},"type":"if","locations":[{"start":{"line":4,"column":3},"end":{"line":4,"column":34}},{"start":{},"end":{}}],"line":4},"1":{"loc":{"start":{"line":12,"column":4},"end":{"line":12,"column":53}},"type":"if","locations":[{"start":{"line":12,"column":4},"end":{"line":12,"column":53}},{"start":{},"end":{}}],"line":12},"2":{"loc":{"start":{"line":20,"column":3},"end":{"line":22,"column":5}},"type":"if","locations":[{"start":{"line":20,"column":3},"end":{"line":22,"column":5}},{"start":{},"end":{}}],"line":20}},"s":{"0":1,"1":1,"2":0,"3":2,"4":1,"5":1,"6":1,"7":1},"f":{"0":1,"1":2,"2":1,"3":0},"b":{"0":[1,0],"1":[1,1],"2":[1,0]},"_coverageSchema":"1a1c01bbd47fc00a2c39e90264f33305004495a9","hash":"117eaa8175944716b9ad6818fffe1c8c83692281"}
,"/Users/julietlinarez/factoriaf5/Exercises-Javascript-Basics/src/fundamentals-ex/stringExercises.js": {"path":"/Users/julietlinarez/factoriaf5/Exercises-Javascript-Basics/src/fundamentals-ex/stringExercises.js","statementMap":{"0":{"start":{"line":3,"column":0},"end":{"line":3,"column":14}},"1":{"start":{"line":8,"column":4},"end":{"line":8,"column":24}},"2":{"start":{"line":16,"column":4},"end":{"line":16,"column":22}},"3":{"start":{"line":23,"column":24},"end":{"line":23,"column":52}},"4":{"start":{"line":24,"column":1},"end":{"line":24,"column":30}},"5":{"start":{"line":29,"column":25},"end":{"line":29,"column":36}},"6":{"start":{"line":30,"column":19},"end":{"line":30,"column":40}},"7":{"start":{"line":31,"column":22},"end":{"line":31,"column":50}},"8":{"start":{"line":32,"column":4},"end":{"line":32,"column":20}},"9":{"start":{"line":37,"column":17},"end":{"line":37,"column":36}},"10":{"start":{"line":38,"column":20},"end":{"line":38,"column":54}},"11":{"start":{"line":39,"column":4},"end":{"line":39,"column":20}},"12":{"start":{"line":45,"column":17},"end":{"line":45,"column":36}},"13":{"start":{"line":46,"column":29},"end":{"line":46,"column":49}},"14":{"start":{"line":47,"column":4},"end":{"line":47,"column":30}},"15":{"start":{"line":53,"column":17},"end":{"line":53,"column":37}},"16":{"start":{"line":54,"column":23},"end":{"line":54,"column":36}},"17":{"start":{"line":55,"column":4},"end":{"line":55,"column":25}}},"fnMap":{"0":{"name":"returnHello","decl":{"start":{"line":1,"column":16},"end":{"line":1,"column":27}},"loc":{"start":{"line":2,"column":0},"end":{"line":4,"column":1}},"line":2},"1":{"name":"returnAString","decl":{"start":{"line":6,"column":16},"end":{"line":6,"column":29}},"loc":{"start":{"line":7,"column":0},"end":{"line":11,"column":1}},"line":7},"2":{"name":"concatenateStrings","decl":{"start":{"line":13,"column":16},"end":{"line":13,"column":34}},"loc":{"start":{"line":14,"column":0},"end":{"line":18,"column":1}},"line":14},"3":{"name":"giveOneLetter","decl":{"start":{"line":20,"column":16},"end":{"line":20,"column":29}},"loc":{"start":{"line":21,"column":0},"end":{"line":25,"column":1}},"line":21},"4":{"name":"giveTheIndexOfWord","decl":{"start":{"line":27,"column":16},"end":{"line":27,"column":34}},"loc":{"start":{"line":28,"column":0},"end":{"line":33,"column":1}},"line":28},"5":{"name":"replaceFishWords","decl":{"start":{"line":35,"column":16},"end":{"line":35,"column":32}},"loc":{"start":{"line":36,"column":0},"end":{"line":41,"column":1}},"line":36},"6":{"name":"giveAllLettersInUppercase","decl":{"start":{"line":43,"column":16},"end":{"line":43,"column":41}},"loc":{"start":{"line":44,"column":0},"end":{"line":49,"column":1}},"line":44},"7":{"name":"removeWhiteSpaces","decl":{"start":{"line":51,"column":16},"end":{"line":51,"column":33}},"loc":{"start":{"line":52,"column":0},"end":{"line":57,"column":1}},"line":52}},"branchMap":{},"s":{"0":1,"1":1,"2":1,"3":1,"4":1,"5":1,"6":1,"7":1,"8":1,"9":1,"10":1,"11":1,"12":1,"13":1,"14":1,"15":1,"16":1,"17":1},"f":{"0":1,"1":1,"2":1,"3":1,"4":1,"5":1,"6":1,"7":1},"b":{},"_coverageSchema":"1a1c01bbd47fc00a2c39e90264f33305004495a9","hash":"7dfc798ccbcf73df67154d17c1f227aa2faf7555"}
,"/Users/julietlinarez/factoriaf5/Exercises-Javascript-Basics/src/micro-ex/arrayPlusArray.js": {"path":"/Users/julietlinarez/factoriaf5/Exercises-Javascript-Basics/src/micro-ex/arrayPlusArray.js","statementMap":{},"fnMap":{"0":{"name":"arrSum","decl":{"start":{"line":8,"column":16},"end":{"line":8,"column":22}},"loc":{"start":{"line":9,"column":0},"end":{"line":11,"column":1}},"line":9}},"branchMap":{},"s":{},"f":{"0":0},"b":{},"_coverageSchema":"1a1c01bbd47fc00a2c39e90264f33305004495a9","hash":"ebd30b0ec506f35ea713b123b75ec05238199624"}
,"/Users/julietlinarez/factoriaf5/Exercises-Javascript-Basics/src/micro-ex/countingSheep.js": {"path":"/Users/julietlinarez/factoriaf5/Exercises-Javascript-Basics/src/micro-ex/countingSheep.js","statementMap":{},"fnMap":{"0":{"name":"countSheeps","decl":{"start":{"line":8,"column":16},"end":{"line":8,"column":27}},"loc":{"start":{"line":9,"column":0},"end":{"line":11,"column":1}},"line":9}},"branchMap":{},"s":{},"f":{"0":0},"b":{},"_coverageSchema":"1a1c01bbd47fc00a2c39e90264f33305004495a9","hash":"e840caba4ccf9b98f362ae1892177deeba4b8e30"}
,"/Users/julietlinarez/factoriaf5/Exercises-Javascript-Basics/src/micro-ex/oppositesAttract.js": {"path":"/Users/julietlinarez/factoriaf5/Exercises-Javascript-Basics/src/micro-ex/oppositesAttract.js","statementMap":{},"fnMap":{"0":{"name":"isLove","decl":{"start":{"line":9,"column":16},"end":{"line":9,"column":22}},"loc":{"start":{"line":10,"column":0},"end":{"line":12,"column":1}},"line":10}},"branchMap":{},"s":{},"f":{"0":0},"b":{},"_coverageSchema":"1a1c01bbd47fc00a2c39e90264f33305004495a9","hash":"cbc7061bf5971e130e835c35cb6f1418a0ebe9b8"}
,"/Users/julietlinarez/factoriaf5/Exercises-Javascript-Basics/src/micro-ex/thirdAngleTriangle.js": {"path":"/Users/julietlinarez/factoriaf5/Exercises-Javascript-Basics/src/micro-ex/thirdAngleTriangle.js","statementMap":{},"fnMap":{"0":{"name":"returnThirdAngle","decl":{"start":{"line":11,"column":16},"end":{"line":11,"column":32}},"loc":{"start":{"line":12,"column":0},"end":{"line":14,"column":1}},"line":12}},"branchMap":{},"s":{},"f":{"0":0},"b":{},"_coverageSchema":"1a1c01bbd47fc00a2c39e90264f33305004495a9","hash":"8c6f80a75a5fcbc4c36bd7222e35e050bd028ac7"}
,"/Users/julietlinarez/factoriaf5/Exercises-Javascript-Basics/src/micro-ex/twiceAsOld.js": {"path":"/Users/julietlinarez/factoriaf5/Exercises-Javascript-Basics/src/micro-ex/twiceAsOld.js","statementMap":{},"fnMap":{"0":{"name":"twiceAsOld","decl":{"start":{"line":16,"column":16},"end":{"line":16,"column":26}},"loc":{"start":{"line":17,"column":0},"end":{"line":19,"column":1}},"line":17}},"branchMap":{},"s":{},"f":{"0":0},"b":{},"_coverageSchema":"1a1c01bbd47fc00a2c39e90264f33305004495a9","hash":"247089b56c4a608bcaa261547fff69e061b49373"}
,"/Users/julietlinarez/factoriaf5/Exercises-Javascript-Basics/src/micro-ex/vocalsInPhrase.js": {"path":"/Users/julietlinarez/factoriaf5/Exercises-Javascript-Basics/src/micro-ex/vocalsInPhrase.js","statementMap":{},"fnMap":{},"branchMap":{},"s":{},"f":{},"b":{},"_coverageSchema":"1a1c01bbd47fc00a2c39e90264f33305004495a9","hash":"581451f5d0dcfce5964e04f1ce7d4ee9e3dc98db"}
}
