TN:
SF:src/fundamentals-ex/comparisonExercises.js
FN:1,isJane
FN:9,compareNumbers
FN:18,isGreaterThan10
FN:26,isGreaterThan10AndEqualTo20
FNF:4
FNH:3
FNDA:1,isJane
FNDA:2,compareNumbers
FNDA:1,isGreaterThan10
FNDA:0,isGreaterThan10AndEqualTo20
DA:4,1
DA:5,0
DA:12,2
DA:13,1
DA:20,1
DA:21,1
LF:6
LH:5
BRDA:4,0,0,1
BRDA:4,0,1,0
BRDA:12,1,0,1
BRDA:12,1,1,1
BRDA:20,2,0,1
BRDA:20,2,1,0
BRF:6
BRH:4
end_of_record
TN:
SF:src/fundamentals-ex/stringExercises.js
FN:1,returnHello
FN:6,returnAString
FN:13,concatenateStrings
FN:20,giveOneLetter
FN:27,giveTheIndexOfWord
FN:35,replaceFishWords
FN:43,giveAllLettersInUppercase
FN:51,removeWhiteSpaces
FNF:8
FNH:8
FNDA:1,returnHello
FNDA:1,returnAString
FNDA:1,concatenateStrings
FNDA:1,giveOneLetter
FNDA:1,giveTheIndexOfWord
FNDA:1,replaceFishWords
FNDA:1,giveAllLettersInUppercase
FNDA:1,removeWhiteSpaces
DA:3,1
DA:8,1
DA:16,1
DA:23,1
DA:24,1
DA:29,1
DA:30,1
DA:31,1
DA:32,1
DA:37,1
DA:38,1
DA:39,1
DA:45,1
DA:46,1
DA:47,1
DA:53,1
DA:54,1
DA:55,1
LF:18
LH:18
BRF:0
BRH:0
end_of_record
TN:
SF:src/micro-ex/arrayPlusArray.js
FN:8,arrSum
FNF:1
FNH:0
FNDA:0,arrSum
LF:0
LH:0
BRF:0
BRH:0
end_of_record
TN:
SF:src/micro-ex/countingSheep.js
FN:8,countSheeps
FNF:1
FNH:0
FNDA:0,countSheeps
LF:0
LH:0
BRF:0
BRH:0
end_of_record
TN:
SF:src/micro-ex/oppositesAttract.js
FN:9,isLove
FNF:1
FNH:0
FNDA:0,isLove
LF:0
LH:0
BRF:0
BRH:0
end_of_record
TN:
SF:src/micro-ex/thirdAngleTriangle.js
FN:11,returnThirdAngle
FNF:1
FNH:0
FNDA:0,returnThirdAngle
LF:0
LH:0
BRF:0
BRH:0
end_of_record
TN:
SF:src/micro-ex/twiceAsOld.js
FN:16,twiceAsOld
FNF:1
FNH:0
FNDA:0,twiceAsOld
LF:0
LH:0
BRF:0
BRH:0
end_of_record
TN:
SF:src/micro-ex/vocalsInPhrase.js
FNF:0
FNH:0
LF:0
LH:0
BRF:0
BRH:0
end_of_record
